The system is: Linux - 2.6.32-754.2.1.el6.x86_64 - x86_64
Compiling the C compiler identification source file "CMakeCCompilerId.c" succeeded.
Compiler: /cvmfs/sft.cern.ch/lcg/contrib/gcc/4.9.3/x86_64-slc6/bin/gcc 
Build flags: 
Id flags: 

The output was:
0


Compilation of the C compiler identification source "CMakeCCompilerId.c" produced "a.out"

The C compiler identification is GNU, found in "/scratch/rg18646/DD4HEP/lcgeo/build/CMakeFiles/3.6.3/CompilerIdC/a.out"

Compiling the CXX compiler identification source file "CMakeCXXCompilerId.cpp" succeeded.
Compiler: /cvmfs/sft.cern.ch/lcg/contrib/gcc/4.9.3/x86_64-slc6/bin/g++ 
Build flags: 
Id flags: 

The output was:
0


Compilation of the CXX compiler identification source "CMakeCXXCompilerId.cpp" produced "a.out"

The CXX compiler identification is GNU, found in "/scratch/rg18646/DD4HEP/lcgeo/build/CMakeFiles/3.6.3/CompilerIdCXX/a.out"

Determining if the C compiler works passed with the following output:
Change Dir: /scratch/rg18646/DD4HEP/lcgeo/build/CMakeFiles/CMakeTmp

Run Build Command:"/usr/bin/gmake" "cmTC_a1fd4/fast"
/usr/bin/gmake -f CMakeFiles/cmTC_a1fd4.dir/build.make CMakeFiles/cmTC_a1fd4.dir/build
gmake[1]: Entering directory `/scratch/rg18646/DD4HEP/lcgeo/build/CMakeFiles/CMakeTmp'
Building C object CMakeFiles/cmTC_a1fd4.dir/testCCompiler.c.o
/cvmfs/sft.cern.ch/lcg/contrib/gcc/4.9.3/x86_64-slc6/bin/gcc     -o CMakeFiles/cmTC_a1fd4.dir/testCCompiler.c.o   -c /scratch/rg18646/DD4HEP/lcgeo/build/CMakeFiles/CMakeTmp/testCCompiler.c
Linking C executable cmTC_a1fd4
/cvmfs/ilc.desy.de/sw/x86_64_gcc49_sl6/CMake/3.6.3/bin/cmake -E cmake_link_script CMakeFiles/cmTC_a1fd4.dir/link.txt --verbose=1
/cvmfs/sft.cern.ch/lcg/contrib/gcc/4.9.3/x86_64-slc6/bin/gcc       CMakeFiles/cmTC_a1fd4.dir/testCCompiler.c.o  -o cmTC_a1fd4 -rdynamic 
gmake[1]: Leaving directory `/scratch/rg18646/DD4HEP/lcgeo/build/CMakeFiles/CMakeTmp'


Detecting C compiler ABI info compiled with the following output:
Change Dir: /scratch/rg18646/DD4HEP/lcgeo/build/CMakeFiles/CMakeTmp

Run Build Command:"/usr/bin/gmake" "cmTC_3ba50/fast"
/usr/bin/gmake -f CMakeFiles/cmTC_3ba50.dir/build.make CMakeFiles/cmTC_3ba50.dir/build
gmake[1]: Entering directory `/scratch/rg18646/DD4HEP/lcgeo/build/CMakeFiles/CMakeTmp'
Building C object CMakeFiles/cmTC_3ba50.dir/CMakeCCompilerABI.c.o
/cvmfs/sft.cern.ch/lcg/contrib/gcc/4.9.3/x86_64-slc6/bin/gcc     -o CMakeFiles/cmTC_3ba50.dir/CMakeCCompilerABI.c.o   -c /cvmfs/ilc.desy.de/sw/x86_64_gcc49_sl6/CMake/3.6.3/share/cmake-3.6/Modules/CMakeCCompilerABI.c
Linking C executable cmTC_3ba50
/cvmfs/ilc.desy.de/sw/x86_64_gcc49_sl6/CMake/3.6.3/bin/cmake -E cmake_link_script CMakeFiles/cmTC_3ba50.dir/link.txt --verbose=1
/cvmfs/sft.cern.ch/lcg/contrib/gcc/4.9.3/x86_64-slc6/bin/gcc      -v CMakeFiles/cmTC_3ba50.dir/CMakeCCompilerABI.c.o  -o cmTC_3ba50 -rdynamic  
Using built-in specs.
COLLECT_GCC=/cvmfs/sft.cern.ch/lcg/contrib/gcc/4.9.3/x86_64-slc6/bin/gcc
COLLECT_LTO_WRAPPER=/cvmfs/sft.cern.ch/lcg/contrib/gcc/4.9.3/x86_64-slc6/bin/../libexec/gcc/x86_64-unknown-linux-gnu/4.9.3/lto-wrapper
Target: x86_64-unknown-linux-gnu
Configured with: ../gcc-4.9.3/configure --prefix=/build/pmendez-sftnight/install-493/ --with-system-zlib --disable-multilib --enable-languages=all
Thread model: posix
gcc version 4.9.3 (GCC) 
COMPILER_PATH=/cvmfs/sft.cern.ch/lcg/contrib/gcc/4.9.3/x86_64-slc6/bin/../libexec/gcc/x86_64-unknown-linux-gnu/4.9.3/:/cvmfs/sft.cern.ch/lcg/contrib/gcc/4.9.3/x86_64-slc6/bin/../libexec/gcc/:/cvmfs/sft.cern.ch/lcg/releases/gcc/4.9.3/x86_64-slc6/lib/gcc/x86_64-unknown-linux-gnu/4.9.3/
LIBRARY_PATH=/cvmfs/sft.cern.ch/lcg/contrib/gcc/4.9.3/x86_64-slc6/bin/../lib/gcc/x86_64-unknown-linux-gnu/4.9.3/:/cvmfs/sft.cern.ch/lcg/contrib/gcc/4.9.3/x86_64-slc6/bin/../lib/gcc/:/cvmfs/sft.cern.ch/lcg/contrib/gcc/4.9.3/x86_64-slc6/bin/../lib/gcc/x86_64-unknown-linux-gnu/4.9.3/../../../../lib64/:/lib/../lib64/:/usr/lib/../lib64/:/cvmfs/sft.cern.ch/lcg/contrib/gcc/4.9.3/x86_64-slc6/bin/../lib/gcc/x86_64-unknown-linux-gnu/4.9.3/../../../:/lib/:/usr/lib/
COLLECT_GCC_OPTIONS='-v' '-o' 'cmTC_3ba50' '-rdynamic' '-mtune=generic' '-march=x86-64'
 /cvmfs/sft.cern.ch/lcg/contrib/gcc/4.9.3/x86_64-slc6/bin/../libexec/gcc/x86_64-unknown-linux-gnu/4.9.3/collect2 --eh-frame-hdr -m elf_x86_64 -export-dynamic -dynamic-linker /lib64/ld-linux-x86-64.so.2 -o cmTC_3ba50 /usr/lib/../lib64/crt1.o /usr/lib/../lib64/crti.o /cvmfs/sft.cern.ch/lcg/contrib/gcc/4.9.3/x86_64-slc6/bin/../lib/gcc/x86_64-unknown-linux-gnu/4.9.3/crtbegin.o -L/cvmfs/sft.cern.ch/lcg/contrib/gcc/4.9.3/x86_64-slc6/bin/../lib/gcc/x86_64-unknown-linux-gnu/4.9.3 -L/cvmfs/sft.cern.ch/lcg/contrib/gcc/4.9.3/x86_64-slc6/bin/../lib/gcc -L/cvmfs/sft.cern.ch/lcg/contrib/gcc/4.9.3/x86_64-slc6/bin/../lib/gcc/x86_64-unknown-linux-gnu/4.9.3/../../../../lib64 -L/lib/../lib64 -L/usr/lib/../lib64 -L/cvmfs/sft.cern.ch/lcg/contrib/gcc/4.9.3/x86_64-slc6/bin/../lib/gcc/x86_64-unknown-linux-gnu/4.9.3/../../.. CMakeFiles/cmTC_3ba50.dir/CMakeCCompilerABI.c.o -lgcc --as-needed -lgcc_s --no-as-needed -lc -lgcc --as-needed -lgcc_s --no-as-needed /cvmfs/sft.cern.ch/lcg/contrib/gcc/4.9.3/x86_64-slc6/bin/../lib/gcc/x86_64-unknown-linux-gnu/4.9.3/crtend.o /usr/lib/../lib64/crtn.o
gmake[1]: Leaving directory `/scratch/rg18646/DD4HEP/lcgeo/build/CMakeFiles/CMakeTmp'


Parsed C implicit link information from above output:
  link line regex: [^( *|.*[/\])(ld|([^/\]+-)?ld|collect2)[^/\]*( |$)]
  ignore line: [Change Dir: /scratch/rg18646/DD4HEP/lcgeo/build/CMakeFiles/CMakeTmp]
  ignore line: []
  ignore line: [Run Build Command:"/usr/bin/gmake" "cmTC_3ba50/fast"]
  ignore line: [/usr/bin/gmake -f CMakeFiles/cmTC_3ba50.dir/build.make CMakeFiles/cmTC_3ba50.dir/build]
  ignore line: [gmake[1]: Entering directory `/scratch/rg18646/DD4HEP/lcgeo/build/CMakeFiles/CMakeTmp']
  ignore line: [Building C object CMakeFiles/cmTC_3ba50.dir/CMakeCCompilerABI.c.o]
  ignore line: [/cvmfs/sft.cern.ch/lcg/contrib/gcc/4.9.3/x86_64-slc6/bin/gcc     -o CMakeFiles/cmTC_3ba50.dir/CMakeCCompilerABI.c.o   -c /cvmfs/ilc.desy.de/sw/x86_64_gcc49_sl6/CMake/3.6.3/share/cmake-3.6/Modules/CMakeCCompilerABI.c]
  ignore line: [Linking C executable cmTC_3ba50]
  ignore line: [/cvmfs/ilc.desy.de/sw/x86_64_gcc49_sl6/CMake/3.6.3/bin/cmake -E cmake_link_script CMakeFiles/cmTC_3ba50.dir/link.txt --verbose=1]
  ignore line: [/cvmfs/sft.cern.ch/lcg/contrib/gcc/4.9.3/x86_64-slc6/bin/gcc      -v CMakeFiles/cmTC_3ba50.dir/CMakeCCompilerABI.c.o  -o cmTC_3ba50 -rdynamic  ]
  ignore line: [Using built-in specs.]
  ignore line: [COLLECT_GCC=/cvmfs/sft.cern.ch/lcg/contrib/gcc/4.9.3/x86_64-slc6/bin/gcc]
  ignore line: [COLLECT_LTO_WRAPPER=/cvmfs/sft.cern.ch/lcg/contrib/gcc/4.9.3/x86_64-slc6/bin/../libexec/gcc/x86_64-unknown-linux-gnu/4.9.3/lto-wrapper]
  ignore line: [Target: x86_64-unknown-linux-gnu]
  ignore line: [Configured with: ../gcc-4.9.3/configure --prefix=/build/pmendez-sftnight/install-493/ --with-system-zlib --disable-multilib --enable-languages=all]
  ignore line: [Thread model: posix]
  ignore line: [gcc version 4.9.3 (GCC) ]
  ignore line: [COMPILER_PATH=/cvmfs/sft.cern.ch/lcg/contrib/gcc/4.9.3/x86_64-slc6/bin/../libexec/gcc/x86_64-unknown-linux-gnu/4.9.3/:/cvmfs/sft.cern.ch/lcg/contrib/gcc/4.9.3/x86_64-slc6/bin/../libexec/gcc/:/cvmfs/sft.cern.ch/lcg/releases/gcc/4.9.3/x86_64-slc6/lib/gcc/x86_64-unknown-linux-gnu/4.9.3/]
  ignore line: [LIBRARY_PATH=/cvmfs/sft.cern.ch/lcg/contrib/gcc/4.9.3/x86_64-slc6/bin/../lib/gcc/x86_64-unknown-linux-gnu/4.9.3/:/cvmfs/sft.cern.ch/lcg/contrib/gcc/4.9.3/x86_64-slc6/bin/../lib/gcc/:/cvmfs/sft.cern.ch/lcg/contrib/gcc/4.9.3/x86_64-slc6/bin/../lib/gcc/x86_64-unknown-linux-gnu/4.9.3/../../../../lib64/:/lib/../lib64/:/usr/lib/../lib64/:/cvmfs/sft.cern.ch/lcg/contrib/gcc/4.9.3/x86_64-slc6/bin/../lib/gcc/x86_64-unknown-linux-gnu/4.9.3/../../../:/lib/:/usr/lib/]
  ignore line: [COLLECT_GCC_OPTIONS='-v' '-o' 'cmTC_3ba50' '-rdynamic' '-mtune=generic' '-march=x86-64']
  link line: [ /cvmfs/sft.cern.ch/lcg/contrib/gcc/4.9.3/x86_64-slc6/bin/../libexec/gcc/x86_64-unknown-linux-gnu/4.9.3/collect2 --eh-frame-hdr -m elf_x86_64 -export-dynamic -dynamic-linker /lib64/ld-linux-x86-64.so.2 -o cmTC_3ba50 /usr/lib/../lib64/crt1.o /usr/lib/../lib64/crti.o /cvmfs/sft.cern.ch/lcg/contrib/gcc/4.9.3/x86_64-slc6/bin/../lib/gcc/x86_64-unknown-linux-gnu/4.9.3/crtbegin.o -L/cvmfs/sft.cern.ch/lcg/contrib/gcc/4.9.3/x86_64-slc6/bin/../lib/gcc/x86_64-unknown-linux-gnu/4.9.3 -L/cvmfs/sft.cern.ch/lcg/contrib/gcc/4.9.3/x86_64-slc6/bin/../lib/gcc -L/cvmfs/sft.cern.ch/lcg/contrib/gcc/4.9.3/x86_64-slc6/bin/../lib/gcc/x86_64-unknown-linux-gnu/4.9.3/../../../../lib64 -L/lib/../lib64 -L/usr/lib/../lib64 -L/cvmfs/sft.cern.ch/lcg/contrib/gcc/4.9.3/x86_64-slc6/bin/../lib/gcc/x86_64-unknown-linux-gnu/4.9.3/../../.. CMakeFiles/cmTC_3ba50.dir/CMakeCCompilerABI.c.o -lgcc --as-needed -lgcc_s --no-as-needed -lc -lgcc --as-needed -lgcc_s --no-as-needed /cvmfs/sft.cern.ch/lcg/contrib/gcc/4.9.3/x86_64-slc6/bin/../lib/gcc/x86_64-unknown-linux-gnu/4.9.3/crtend.o /usr/lib/../lib64/crtn.o]
    arg [/cvmfs/sft.cern.ch/lcg/contrib/gcc/4.9.3/x86_64-slc6/bin/../libexec/gcc/x86_64-unknown-linux-gnu/4.9.3/collect2] ==> ignore
    arg [--eh-frame-hdr] ==> ignore
    arg [-m] ==> ignore
    arg [elf_x86_64] ==> ignore
    arg [-export-dynamic] ==> ignore
    arg [-dynamic-linker] ==> ignore
    arg [/lib64/ld-linux-x86-64.so.2] ==> ignore
    arg [-o] ==> ignore
    arg [cmTC_3ba50] ==> ignore
    arg [/usr/lib/../lib64/crt1.o] ==> ignore
    arg [/usr/lib/../lib64/crti.o] ==> ignore
    arg [/cvmfs/sft.cern.ch/lcg/contrib/gcc/4.9.3/x86_64-slc6/bin/../lib/gcc/x86_64-unknown-linux-gnu/4.9.3/crtbegin.o] ==> ignore
    arg [-L/cvmfs/sft.cern.ch/lcg/contrib/gcc/4.9.3/x86_64-slc6/bin/../lib/gcc/x86_64-unknown-linux-gnu/4.9.3] ==> dir [/cvmfs/sft.cern.ch/lcg/contrib/gcc/4.9.3/x86_64-slc6/bin/../lib/gcc/x86_64-unknown-linux-gnu/4.9.3]
    arg [-L/cvmfs/sft.cern.ch/lcg/contrib/gcc/4.9.3/x86_64-slc6/bin/../lib/gcc] ==> dir [/cvmfs/sft.cern.ch/lcg/contrib/gcc/4.9.3/x86_64-slc6/bin/../lib/gcc]
    arg [-L/cvmfs/sft.cern.ch/lcg/contrib/gcc/4.9.3/x86_64-slc6/bin/../lib/gcc/x86_64-unknown-linux-gnu/4.9.3/../../../../lib64] ==> dir [/cvmfs/sft.cern.ch/lcg/contrib/gcc/4.9.3/x86_64-slc6/bin/../lib/gcc/x86_64-unknown-linux-gnu/4.9.3/../../../../lib64]
    arg [-L/lib/../lib64] ==> dir [/lib/../lib64]
    arg [-L/usr/lib/../lib64] ==> dir [/usr/lib/../lib64]
    arg [-L/cvmfs/sft.cern.ch/lcg/contrib/gcc/4.9.3/x86_64-slc6/bin/../lib/gcc/x86_64-unknown-linux-gnu/4.9.3/../../..] ==> dir [/cvmfs/sft.cern.ch/lcg/contrib/gcc/4.9.3/x86_64-slc6/bin/../lib/gcc/x86_64-unknown-linux-gnu/4.9.3/../../..]
    arg [CMakeFiles/cmTC_3ba50.dir/CMakeCCompilerABI.c.o] ==> ignore
    arg [-lgcc] ==> lib [gcc]
    arg [--as-needed] ==> ignore
    arg [-lgcc_s] ==> lib [gcc_s]
    arg [--no-as-needed] ==> ignore
    arg [-lc] ==> lib [c]
    arg [-lgcc] ==> lib [gcc]
    arg [--as-needed] ==> ignore
    arg [-lgcc_s] ==> lib [gcc_s]
    arg [--no-as-needed] ==> ignore
    arg [/cvmfs/sft.cern.ch/lcg/contrib/gcc/4.9.3/x86_64-slc6/bin/../lib/gcc/x86_64-unknown-linux-gnu/4.9.3/crtend.o] ==> ignore
    arg [/usr/lib/../lib64/crtn.o] ==> ignore
  remove lib [gcc]
  remove lib [gcc_s]
  remove lib [gcc]
  remove lib [gcc_s]
  collapse library dir [/cvmfs/sft.cern.ch/lcg/contrib/gcc/4.9.3/x86_64-slc6/bin/../lib/gcc/x86_64-unknown-linux-gnu/4.9.3] ==> [/cvmfs/sft.cern.ch/lcg/contrib/gcc/4.9.3/x86_64-slc6/lib/gcc/x86_64-unknown-linux-gnu/4.9.3]
  collapse library dir [/cvmfs/sft.cern.ch/lcg/contrib/gcc/4.9.3/x86_64-slc6/bin/../lib/gcc] ==> [/cvmfs/sft.cern.ch/lcg/contrib/gcc/4.9.3/x86_64-slc6/lib/gcc]
  collapse library dir [/cvmfs/sft.cern.ch/lcg/contrib/gcc/4.9.3/x86_64-slc6/bin/../lib/gcc/x86_64-unknown-linux-gnu/4.9.3/../../../../lib64] ==> [/cvmfs/sft.cern.ch/lcg/contrib/gcc/4.9.3/x86_64-slc6/lib64]
  collapse library dir [/lib/../lib64] ==> [/lib64]
  collapse library dir [/usr/lib/../lib64] ==> [/usr/lib64]
  collapse library dir [/cvmfs/sft.cern.ch/lcg/contrib/gcc/4.9.3/x86_64-slc6/bin/../lib/gcc/x86_64-unknown-linux-gnu/4.9.3/../../..] ==> [/cvmfs/sft.cern.ch/lcg/contrib/gcc/4.9.3/x86_64-slc6/lib]
  implicit libs: [c]
  implicit dirs: [/cvmfs/sft.cern.ch/lcg/contrib/gcc/4.9.3/x86_64-slc6/lib/gcc/x86_64-unknown-linux-gnu/4.9.3;/cvmfs/sft.cern.ch/lcg/contrib/gcc/4.9.3/x86_64-slc6/lib/gcc;/cvmfs/sft.cern.ch/lcg/contrib/gcc/4.9.3/x86_64-slc6/lib64;/lib64;/usr/lib64;/cvmfs/sft.cern.ch/lcg/contrib/gcc/4.9.3/x86_64-slc6/lib]
  implicit fwks: []




Detecting C [-std=c11] compiler features compiled with the following output:
Change Dir: /scratch/rg18646/DD4HEP/lcgeo/build/CMakeFiles/CMakeTmp

Run Build Command:"/usr/bin/gmake" "cmTC_f7b7e/fast"
/usr/bin/gmake -f CMakeFiles/cmTC_f7b7e.dir/build.make CMakeFiles/cmTC_f7b7e.dir/build
gmake[1]: Entering directory `/scratch/rg18646/DD4HEP/lcgeo/build/CMakeFiles/CMakeTmp'
Building C object CMakeFiles/cmTC_f7b7e.dir/feature_tests.c.o
/cvmfs/sft.cern.ch/lcg/contrib/gcc/4.9.3/x86_64-slc6/bin/gcc    -std=c11 -o CMakeFiles/cmTC_f7b7e.dir/feature_tests.c.o   -c /scratch/rg18646/DD4HEP/lcgeo/build/CMakeFiles/feature_tests.c
Linking C executable cmTC_f7b7e
/cvmfs/ilc.desy.de/sw/x86_64_gcc49_sl6/CMake/3.6.3/bin/cmake -E cmake_link_script CMakeFiles/cmTC_f7b7e.dir/link.txt --verbose=1
/cvmfs/sft.cern.ch/lcg/contrib/gcc/4.9.3/x86_64-slc6/bin/gcc       CMakeFiles/cmTC_f7b7e.dir/feature_tests.c.o  -o cmTC_f7b7e -rdynamic 
gmake[1]: Leaving directory `/scratch/rg18646/DD4HEP/lcgeo/build/CMakeFiles/CMakeTmp'


    Feature record: C_FEATURE:1c_function_prototypes
    Feature record: C_FEATURE:1c_restrict
    Feature record: C_FEATURE:1c_static_assert
    Feature record: C_FEATURE:1c_variadic_macros


Detecting C [-std=c99] compiler features compiled with the following output:
Change Dir: /scratch/rg18646/DD4HEP/lcgeo/build/CMakeFiles/CMakeTmp

Run Build Command:"/usr/bin/gmake" "cmTC_ebcce/fast"
/usr/bin/gmake -f CMakeFiles/cmTC_ebcce.dir/build.make CMakeFiles/cmTC_ebcce.dir/build
gmake[1]: Entering directory `/scratch/rg18646/DD4HEP/lcgeo/build/CMakeFiles/CMakeTmp'
Building C object CMakeFiles/cmTC_ebcce.dir/feature_tests.c.o
/cvmfs/sft.cern.ch/lcg/contrib/gcc/4.9.3/x86_64-slc6/bin/gcc    -std=c99 -o CMakeFiles/cmTC_ebcce.dir/feature_tests.c.o   -c /scratch/rg18646/DD4HEP/lcgeo/build/CMakeFiles/feature_tests.c
Linking C executable cmTC_ebcce
/cvmfs/ilc.desy.de/sw/x86_64_gcc49_sl6/CMake/3.6.3/bin/cmake -E cmake_link_script CMakeFiles/cmTC_ebcce.dir/link.txt --verbose=1
/cvmfs/sft.cern.ch/lcg/contrib/gcc/4.9.3/x86_64-slc6/bin/gcc       CMakeFiles/cmTC_ebcce.dir/feature_tests.c.o  -o cmTC_ebcce -rdynamic 
gmake[1]: Leaving directory `/scratch/rg18646/DD4HEP/lcgeo/build/CMakeFiles/CMakeTmp'


    Feature record: C_FEATURE:1c_function_prototypes
    Feature record: C_FEATURE:1c_restrict
    Feature record: C_FEATURE:0c_static_assert
    Feature record: C_FEATURE:1c_variadic_macros


Detecting C [-std=c90] compiler features compiled with the following output:
Change Dir: /scratch/rg18646/DD4HEP/lcgeo/build/CMakeFiles/CMakeTmp

Run Build Command:"/usr/bin/gmake" "cmTC_11508/fast"
/usr/bin/gmake -f CMakeFiles/cmTC_11508.dir/build.make CMakeFiles/cmTC_11508.dir/build
gmake[1]: Entering directory `/scratch/rg18646/DD4HEP/lcgeo/build/CMakeFiles/CMakeTmp'
Building C object CMakeFiles/cmTC_11508.dir/feature_tests.c.o
/cvmfs/sft.cern.ch/lcg/contrib/gcc/4.9.3/x86_64-slc6/bin/gcc    -std=c90 -o CMakeFiles/cmTC_11508.dir/feature_tests.c.o   -c /scratch/rg18646/DD4HEP/lcgeo/build/CMakeFiles/feature_tests.c
Linking C executable cmTC_11508
/cvmfs/ilc.desy.de/sw/x86_64_gcc49_sl6/CMake/3.6.3/bin/cmake -E cmake_link_script CMakeFiles/cmTC_11508.dir/link.txt --verbose=1
/cvmfs/sft.cern.ch/lcg/contrib/gcc/4.9.3/x86_64-slc6/bin/gcc       CMakeFiles/cmTC_11508.dir/feature_tests.c.o  -o cmTC_11508 -rdynamic 
gmake[1]: Leaving directory `/scratch/rg18646/DD4HEP/lcgeo/build/CMakeFiles/CMakeTmp'


    Feature record: C_FEATURE:1c_function_prototypes
    Feature record: C_FEATURE:0c_restrict
    Feature record: C_FEATURE:0c_static_assert
    Feature record: C_FEATURE:0c_variadic_macros
Determining if the CXX compiler works passed with the following output:
Change Dir: /scratch/rg18646/DD4HEP/lcgeo/build/CMakeFiles/CMakeTmp

Run Build Command:"/usr/bin/gmake" "cmTC_11030/fast"
/usr/bin/gmake -f CMakeFiles/cmTC_11030.dir/build.make CMakeFiles/cmTC_11030.dir/build
gmake[1]: Entering directory `/scratch/rg18646/DD4HEP/lcgeo/build/CMakeFiles/CMakeTmp'
Building CXX object CMakeFiles/cmTC_11030.dir/testCXXCompiler.cxx.o
/cvmfs/sft.cern.ch/lcg/contrib/gcc/4.9.3/x86_64-slc6/bin/g++      -o CMakeFiles/cmTC_11030.dir/testCXXCompiler.cxx.o -c /scratch/rg18646/DD4HEP/lcgeo/build/CMakeFiles/CMakeTmp/testCXXCompiler.cxx
Linking CXX executable cmTC_11030
/cvmfs/ilc.desy.de/sw/x86_64_gcc49_sl6/CMake/3.6.3/bin/cmake -E cmake_link_script CMakeFiles/cmTC_11030.dir/link.txt --verbose=1
/cvmfs/sft.cern.ch/lcg/contrib/gcc/4.9.3/x86_64-slc6/bin/g++        CMakeFiles/cmTC_11030.dir/testCXXCompiler.cxx.o  -o cmTC_11030 -rdynamic 
gmake[1]: Leaving directory `/scratch/rg18646/DD4HEP/lcgeo/build/CMakeFiles/CMakeTmp'


Detecting CXX compiler ABI info compiled with the following output:
Change Dir: /scratch/rg18646/DD4HEP/lcgeo/build/CMakeFiles/CMakeTmp

Run Build Command:"/usr/bin/gmake" "cmTC_51662/fast"
/usr/bin/gmake -f CMakeFiles/cmTC_51662.dir/build.make CMakeFiles/cmTC_51662.dir/build
gmake[1]: Entering directory `/scratch/rg18646/DD4HEP/lcgeo/build/CMakeFiles/CMakeTmp'
Building CXX object CMakeFiles/cmTC_51662.dir/CMakeCXXCompilerABI.cpp.o
/cvmfs/sft.cern.ch/lcg/contrib/gcc/4.9.3/x86_64-slc6/bin/g++      -o CMakeFiles/cmTC_51662.dir/CMakeCXXCompilerABI.cpp.o -c /cvmfs/ilc.desy.de/sw/x86_64_gcc49_sl6/CMake/3.6.3/share/cmake-3.6/Modules/CMakeCXXCompilerABI.cpp
Linking CXX executable cmTC_51662
/cvmfs/ilc.desy.de/sw/x86_64_gcc49_sl6/CMake/3.6.3/bin/cmake -E cmake_link_script CMakeFiles/cmTC_51662.dir/link.txt --verbose=1
/cvmfs/sft.cern.ch/lcg/contrib/gcc/4.9.3/x86_64-slc6/bin/g++       -v CMakeFiles/cmTC_51662.dir/CMakeCXXCompilerABI.cpp.o  -o cmTC_51662 -rdynamic  
Using built-in specs.
COLLECT_GCC=/cvmfs/sft.cern.ch/lcg/contrib/gcc/4.9.3/x86_64-slc6/bin/g++
COLLECT_LTO_WRAPPER=/cvmfs/sft.cern.ch/lcg/contrib/gcc/4.9.3/x86_64-slc6/bin/../libexec/gcc/x86_64-unknown-linux-gnu/4.9.3/lto-wrapper
Target: x86_64-unknown-linux-gnu
Configured with: ../gcc-4.9.3/configure --prefix=/build/pmendez-sftnight/install-493/ --with-system-zlib --disable-multilib --enable-languages=all
Thread model: posix
gcc version 4.9.3 (GCC) 
COMPILER_PATH=/cvmfs/sft.cern.ch/lcg/contrib/gcc/4.9.3/x86_64-slc6/bin/../libexec/gcc/x86_64-unknown-linux-gnu/4.9.3/:/cvmfs/sft.cern.ch/lcg/contrib/gcc/4.9.3/x86_64-slc6/bin/../libexec/gcc/:/cvmfs/sft.cern.ch/lcg/releases/gcc/4.9.3/x86_64-slc6/lib/gcc/x86_64-unknown-linux-gnu/4.9.3/
LIBRARY_PATH=/cvmfs/sft.cern.ch/lcg/contrib/gcc/4.9.3/x86_64-slc6/bin/../lib/gcc/x86_64-unknown-linux-gnu/4.9.3/:/cvmfs/sft.cern.ch/lcg/contrib/gcc/4.9.3/x86_64-slc6/bin/../lib/gcc/:/cvmfs/sft.cern.ch/lcg/contrib/gcc/4.9.3/x86_64-slc6/bin/../lib/gcc/x86_64-unknown-linux-gnu/4.9.3/../../../../lib64/:/lib/../lib64/:/usr/lib/../lib64/:/cvmfs/sft.cern.ch/lcg/contrib/gcc/4.9.3/x86_64-slc6/bin/../lib/gcc/x86_64-unknown-linux-gnu/4.9.3/../../../:/lib/:/usr/lib/
COLLECT_GCC_OPTIONS='-v' '-o' 'cmTC_51662' '-rdynamic' '-shared-libgcc' '-mtune=generic' '-march=x86-64'
 /cvmfs/sft.cern.ch/lcg/contrib/gcc/4.9.3/x86_64-slc6/bin/../libexec/gcc/x86_64-unknown-linux-gnu/4.9.3/collect2 --eh-frame-hdr -m elf_x86_64 -export-dynamic -dynamic-linker /lib64/ld-linux-x86-64.so.2 -o cmTC_51662 /usr/lib/../lib64/crt1.o /usr/lib/../lib64/crti.o /cvmfs/sft.cern.ch/lcg/contrib/gcc/4.9.3/x86_64-slc6/bin/../lib/gcc/x86_64-unknown-linux-gnu/4.9.3/crtbegin.o -L/cvmfs/sft.cern.ch/lcg/contrib/gcc/4.9.3/x86_64-slc6/bin/../lib/gcc/x86_64-unknown-linux-gnu/4.9.3 -L/cvmfs/sft.cern.ch/lcg/contrib/gcc/4.9.3/x86_64-slc6/bin/../lib/gcc -L/cvmfs/sft.cern.ch/lcg/contrib/gcc/4.9.3/x86_64-slc6/bin/../lib/gcc/x86_64-unknown-linux-gnu/4.9.3/../../../../lib64 -L/lib/../lib64 -L/usr/lib/../lib64 -L/cvmfs/sft.cern.ch/lcg/contrib/gcc/4.9.3/x86_64-slc6/bin/../lib/gcc/x86_64-unknown-linux-gnu/4.9.3/../../.. CMakeFiles/cmTC_51662.dir/CMakeCXXCompilerABI.cpp.o -lstdc++ -lm -lgcc_s -lgcc -lc -lgcc_s -lgcc /cvmfs/sft.cern.ch/lcg/contrib/gcc/4.9.3/x86_64-slc6/bin/../lib/gcc/x86_64-unknown-linux-gnu/4.9.3/crtend.o /usr/lib/../lib64/crtn.o
gmake[1]: Leaving directory `/scratch/rg18646/DD4HEP/lcgeo/build/CMakeFiles/CMakeTmp'


Parsed CXX implicit link information from above output:
  link line regex: [^( *|.*[/\])(ld|([^/\]+-)?ld|collect2)[^/\]*( |$)]
  ignore line: [Change Dir: /scratch/rg18646/DD4HEP/lcgeo/build/CMakeFiles/CMakeTmp]
  ignore line: []
  ignore line: [Run Build Command:"/usr/bin/gmake" "cmTC_51662/fast"]
  ignore line: [/usr/bin/gmake -f CMakeFiles/cmTC_51662.dir/build.make CMakeFiles/cmTC_51662.dir/build]
  ignore line: [gmake[1]: Entering directory `/scratch/rg18646/DD4HEP/lcgeo/build/CMakeFiles/CMakeTmp']
  ignore line: [Building CXX object CMakeFiles/cmTC_51662.dir/CMakeCXXCompilerABI.cpp.o]
  ignore line: [/cvmfs/sft.cern.ch/lcg/contrib/gcc/4.9.3/x86_64-slc6/bin/g++      -o CMakeFiles/cmTC_51662.dir/CMakeCXXCompilerABI.cpp.o -c /cvmfs/ilc.desy.de/sw/x86_64_gcc49_sl6/CMake/3.6.3/share/cmake-3.6/Modules/CMakeCXXCompilerABI.cpp]
  ignore line: [Linking CXX executable cmTC_51662]
  ignore line: [/cvmfs/ilc.desy.de/sw/x86_64_gcc49_sl6/CMake/3.6.3/bin/cmake -E cmake_link_script CMakeFiles/cmTC_51662.dir/link.txt --verbose=1]
  ignore line: [/cvmfs/sft.cern.ch/lcg/contrib/gcc/4.9.3/x86_64-slc6/bin/g++       -v CMakeFiles/cmTC_51662.dir/CMakeCXXCompilerABI.cpp.o  -o cmTC_51662 -rdynamic  ]
  ignore line: [Using built-in specs.]
  ignore line: [COLLECT_GCC=/cvmfs/sft.cern.ch/lcg/contrib/gcc/4.9.3/x86_64-slc6/bin/g++]
  ignore line: [COLLECT_LTO_WRAPPER=/cvmfs/sft.cern.ch/lcg/contrib/gcc/4.9.3/x86_64-slc6/bin/../libexec/gcc/x86_64-unknown-linux-gnu/4.9.3/lto-wrapper]
  ignore line: [Target: x86_64-unknown-linux-gnu]
  ignore line: [Configured with: ../gcc-4.9.3/configure --prefix=/build/pmendez-sftnight/install-493/ --with-system-zlib --disable-multilib --enable-languages=all]
  ignore line: [Thread model: posix]
  ignore line: [gcc version 4.9.3 (GCC) ]
  ignore line: [COMPILER_PATH=/cvmfs/sft.cern.ch/lcg/contrib/gcc/4.9.3/x86_64-slc6/bin/../libexec/gcc/x86_64-unknown-linux-gnu/4.9.3/:/cvmfs/sft.cern.ch/lcg/contrib/gcc/4.9.3/x86_64-slc6/bin/../libexec/gcc/:/cvmfs/sft.cern.ch/lcg/releases/gcc/4.9.3/x86_64-slc6/lib/gcc/x86_64-unknown-linux-gnu/4.9.3/]
  ignore line: [LIBRARY_PATH=/cvmfs/sft.cern.ch/lcg/contrib/gcc/4.9.3/x86_64-slc6/bin/../lib/gcc/x86_64-unknown-linux-gnu/4.9.3/:/cvmfs/sft.cern.ch/lcg/contrib/gcc/4.9.3/x86_64-slc6/bin/../lib/gcc/:/cvmfs/sft.cern.ch/lcg/contrib/gcc/4.9.3/x86_64-slc6/bin/../lib/gcc/x86_64-unknown-linux-gnu/4.9.3/../../../../lib64/:/lib/../lib64/:/usr/lib/../lib64/:/cvmfs/sft.cern.ch/lcg/contrib/gcc/4.9.3/x86_64-slc6/bin/../lib/gcc/x86_64-unknown-linux-gnu/4.9.3/../../../:/lib/:/usr/lib/]
  ignore line: [COLLECT_GCC_OPTIONS='-v' '-o' 'cmTC_51662' '-rdynamic' '-shared-libgcc' '-mtune=generic' '-march=x86-64']
  link line: [ /cvmfs/sft.cern.ch/lcg/contrib/gcc/4.9.3/x86_64-slc6/bin/../libexec/gcc/x86_64-unknown-linux-gnu/4.9.3/collect2 --eh-frame-hdr -m elf_x86_64 -export-dynamic -dynamic-linker /lib64/ld-linux-x86-64.so.2 -o cmTC_51662 /usr/lib/../lib64/crt1.o /usr/lib/../lib64/crti.o /cvmfs/sft.cern.ch/lcg/contrib/gcc/4.9.3/x86_64-slc6/bin/../lib/gcc/x86_64-unknown-linux-gnu/4.9.3/crtbegin.o -L/cvmfs/sft.cern.ch/lcg/contrib/gcc/4.9.3/x86_64-slc6/bin/../lib/gcc/x86_64-unknown-linux-gnu/4.9.3 -L/cvmfs/sft.cern.ch/lcg/contrib/gcc/4.9.3/x86_64-slc6/bin/../lib/gcc -L/cvmfs/sft.cern.ch/lcg/contrib/gcc/4.9.3/x86_64-slc6/bin/../lib/gcc/x86_64-unknown-linux-gnu/4.9.3/../../../../lib64 -L/lib/../lib64 -L/usr/lib/../lib64 -L/cvmfs/sft.cern.ch/lcg/contrib/gcc/4.9.3/x86_64-slc6/bin/../lib/gcc/x86_64-unknown-linux-gnu/4.9.3/../../.. CMakeFiles/cmTC_51662.dir/CMakeCXXCompilerABI.cpp.o -lstdc++ -lm -lgcc_s -lgcc -lc -lgcc_s -lgcc /cvmfs/sft.cern.ch/lcg/contrib/gcc/4.9.3/x86_64-slc6/bin/../lib/gcc/x86_64-unknown-linux-gnu/4.9.3/crtend.o /usr/lib/../lib64/crtn.o]
    arg [/cvmfs/sft.cern.ch/lcg/contrib/gcc/4.9.3/x86_64-slc6/bin/../libexec/gcc/x86_64-unknown-linux-gnu/4.9.3/collect2] ==> ignore
    arg [--eh-frame-hdr] ==> ignore
    arg [-m] ==> ignore
    arg [elf_x86_64] ==> ignore
    arg [-export-dynamic] ==> ignore
    arg [-dynamic-linker] ==> ignore
    arg [/lib64/ld-linux-x86-64.so.2] ==> ignore
    arg [-o] ==> ignore
    arg [cmTC_51662] ==> ignore
    arg [/usr/lib/../lib64/crt1.o] ==> ignore
    arg [/usr/lib/../lib64/crti.o] ==> ignore
    arg [/cvmfs/sft.cern.ch/lcg/contrib/gcc/4.9.3/x86_64-slc6/bin/../lib/gcc/x86_64-unknown-linux-gnu/4.9.3/crtbegin.o] ==> ignore
    arg [-L/cvmfs/sft.cern.ch/lcg/contrib/gcc/4.9.3/x86_64-slc6/bin/../lib/gcc/x86_64-unknown-linux-gnu/4.9.3] ==> dir [/cvmfs/sft.cern.ch/lcg/contrib/gcc/4.9.3/x86_64-slc6/bin/../lib/gcc/x86_64-unknown-linux-gnu/4.9.3]
    arg [-L/cvmfs/sft.cern.ch/lcg/contrib/gcc/4.9.3/x86_64-slc6/bin/../lib/gcc] ==> dir [/cvmfs/sft.cern.ch/lcg/contrib/gcc/4.9.3/x86_64-slc6/bin/../lib/gcc]
    arg [-L/cvmfs/sft.cern.ch/lcg/contrib/gcc/4.9.3/x86_64-slc6/bin/../lib/gcc/x86_64-unknown-linux-gnu/4.9.3/../../../../lib64] ==> dir [/cvmfs/sft.cern.ch/lcg/contrib/gcc/4.9.3/x86_64-slc6/bin/../lib/gcc/x86_64-unknown-linux-gnu/4.9.3/../../../../lib64]
    arg [-L/lib/../lib64] ==> dir [/lib/../lib64]
    arg [-L/usr/lib/../lib64] ==> dir [/usr/lib/../lib64]
    arg [-L/cvmfs/sft.cern.ch/lcg/contrib/gcc/4.9.3/x86_64-slc6/bin/../lib/gcc/x86_64-unknown-linux-gnu/4.9.3/../../..] ==> dir [/cvmfs/sft.cern.ch/lcg/contrib/gcc/4.9.3/x86_64-slc6/bin/../lib/gcc/x86_64-unknown-linux-gnu/4.9.3/../../..]
    arg [CMakeFiles/cmTC_51662.dir/CMakeCXXCompilerABI.cpp.o] ==> ignore
    arg [-lstdc++] ==> lib [stdc++]
    arg [-lm] ==> lib [m]
    arg [-lgcc_s] ==> lib [gcc_s]
    arg [-lgcc] ==> lib [gcc]
    arg [-lc] ==> lib [c]
    arg [-lgcc_s] ==> lib [gcc_s]
    arg [-lgcc] ==> lib [gcc]
    arg [/cvmfs/sft.cern.ch/lcg/contrib/gcc/4.9.3/x86_64-slc6/bin/../lib/gcc/x86_64-unknown-linux-gnu/4.9.3/crtend.o] ==> ignore
    arg [/usr/lib/../lib64/crtn.o] ==> ignore
  remove lib [gcc_s]
  remove lib [gcc]
  remove lib [gcc_s]
  remove lib [gcc]
  collapse library dir [/cvmfs/sft.cern.ch/lcg/contrib/gcc/4.9.3/x86_64-slc6/bin/../lib/gcc/x86_64-unknown-linux-gnu/4.9.3] ==> [/cvmfs/sft.cern.ch/lcg/contrib/gcc/4.9.3/x86_64-slc6/lib/gcc/x86_64-unknown-linux-gnu/4.9.3]
  collapse library dir [/cvmfs/sft.cern.ch/lcg/contrib/gcc/4.9.3/x86_64-slc6/bin/../lib/gcc] ==> [/cvmfs/sft.cern.ch/lcg/contrib/gcc/4.9.3/x86_64-slc6/lib/gcc]
  collapse library dir [/cvmfs/sft.cern.ch/lcg/contrib/gcc/4.9.3/x86_64-slc6/bin/../lib/gcc/x86_64-unknown-linux-gnu/4.9.3/../../../../lib64] ==> [/cvmfs/sft.cern.ch/lcg/contrib/gcc/4.9.3/x86_64-slc6/lib64]
  collapse library dir [/lib/../lib64] ==> [/lib64]
  collapse library dir [/usr/lib/../lib64] ==> [/usr/lib64]
  collapse library dir [/cvmfs/sft.cern.ch/lcg/contrib/gcc/4.9.3/x86_64-slc6/bin/../lib/gcc/x86_64-unknown-linux-gnu/4.9.3/../../..] ==> [/cvmfs/sft.cern.ch/lcg/contrib/gcc/4.9.3/x86_64-slc6/lib]
  implicit libs: [stdc++;m;c]
  implicit dirs: [/cvmfs/sft.cern.ch/lcg/contrib/gcc/4.9.3/x86_64-slc6/lib/gcc/x86_64-unknown-linux-gnu/4.9.3;/cvmfs/sft.cern.ch/lcg/contrib/gcc/4.9.3/x86_64-slc6/lib/gcc;/cvmfs/sft.cern.ch/lcg/contrib/gcc/4.9.3/x86_64-slc6/lib64;/lib64;/usr/lib64;/cvmfs/sft.cern.ch/lcg/contrib/gcc/4.9.3/x86_64-slc6/lib]
  implicit fwks: []




Detecting CXX [-std=c++14] compiler features compiled with the following output:
Change Dir: /scratch/rg18646/DD4HEP/lcgeo/build/CMakeFiles/CMakeTmp

Run Build Command:"/usr/bin/gmake" "cmTC_41343/fast"
/usr/bin/gmake -f CMakeFiles/cmTC_41343.dir/build.make CMakeFiles/cmTC_41343.dir/build
gmake[1]: Entering directory `/scratch/rg18646/DD4HEP/lcgeo/build/CMakeFiles/CMakeTmp'
Building CXX object CMakeFiles/cmTC_41343.dir/feature_tests.cxx.o
/cvmfs/sft.cern.ch/lcg/contrib/gcc/4.9.3/x86_64-slc6/bin/g++     -std=c++14 -o CMakeFiles/cmTC_41343.dir/feature_tests.cxx.o -c /scratch/rg18646/DD4HEP/lcgeo/build/CMakeFiles/feature_tests.cxx
Linking CXX executable cmTC_41343
/cvmfs/ilc.desy.de/sw/x86_64_gcc49_sl6/CMake/3.6.3/bin/cmake -E cmake_link_script CMakeFiles/cmTC_41343.dir/link.txt --verbose=1
/cvmfs/sft.cern.ch/lcg/contrib/gcc/4.9.3/x86_64-slc6/bin/g++        CMakeFiles/cmTC_41343.dir/feature_tests.cxx.o  -o cmTC_41343 -rdynamic 
gmake[1]: Leaving directory `/scratch/rg18646/DD4HEP/lcgeo/build/CMakeFiles/CMakeTmp'


    Feature record: CXX_FEATURE:0cxx_aggregate_default_initializers
    Feature record: CXX_FEATURE:1cxx_alias_templates
    Feature record: CXX_FEATURE:1cxx_alignas
    Feature record: CXX_FEATURE:1cxx_alignof
    Feature record: CXX_FEATURE:1cxx_attributes
    Feature record: CXX_FEATURE:1cxx_attribute_deprecated
    Feature record: CXX_FEATURE:1cxx_auto_type
    Feature record: CXX_FEATURE:1cxx_binary_literals
    Feature record: CXX_FEATURE:1cxx_constexpr
    Feature record: CXX_FEATURE:1cxx_contextual_conversions
    Feature record: CXX_FEATURE:1cxx_decltype
    Feature record: CXX_FEATURE:1cxx_decltype_auto
    Feature record: CXX_FEATURE:1cxx_decltype_incomplete_return_types
    Feature record: CXX_FEATURE:1cxx_default_function_template_args
    Feature record: CXX_FEATURE:1cxx_defaulted_functions
    Feature record: CXX_FEATURE:1cxx_defaulted_move_initializers
    Feature record: CXX_FEATURE:1cxx_delegating_constructors
    Feature record: CXX_FEATURE:1cxx_deleted_functions
    Feature record: CXX_FEATURE:1cxx_digit_separators
    Feature record: CXX_FEATURE:1cxx_enum_forward_declarations
    Feature record: CXX_FEATURE:1cxx_explicit_conversions
    Feature record: CXX_FEATURE:1cxx_extended_friend_declarations
    Feature record: CXX_FEATURE:1cxx_extern_templates
    Feature record: CXX_FEATURE:1cxx_final
    Feature record: CXX_FEATURE:1cxx_func_identifier
    Feature record: CXX_FEATURE:1cxx_generalized_initializers
    Feature record: CXX_FEATURE:1cxx_generic_lambdas
    Feature record: CXX_FEATURE:1cxx_inheriting_constructors
    Feature record: CXX_FEATURE:1cxx_inline_namespaces
    Feature record: CXX_FEATURE:1cxx_lambdas
    Feature record: CXX_FEATURE:1cxx_lambda_init_captures
    Feature record: CXX_FEATURE:1cxx_local_type_template_args
    Feature record: CXX_FEATURE:1cxx_long_long_type
    Feature record: CXX_FEATURE:1cxx_noexcept
    Feature record: CXX_FEATURE:1cxx_nonstatic_member_init
    Feature record: CXX_FEATURE:1cxx_nullptr
    Feature record: CXX_FEATURE:1cxx_override
    Feature record: CXX_FEATURE:1cxx_range_for
    Feature record: CXX_FEATURE:1cxx_raw_string_literals
    Feature record: CXX_FEATURE:1cxx_reference_qualified_functions
    Feature record: CXX_FEATURE:0cxx_relaxed_constexpr
    Feature record: CXX_FEATURE:1cxx_return_type_deduction
    Feature record: CXX_FEATURE:1cxx_right_angle_brackets
    Feature record: CXX_FEATURE:1cxx_rvalue_references
    Feature record: CXX_FEATURE:1cxx_sizeof_member
    Feature record: CXX_FEATURE:1cxx_static_assert
    Feature record: CXX_FEATURE:1cxx_strong_enums
    Feature record: CXX_FEATURE:1cxx_template_template_parameters
    Feature record: CXX_FEATURE:1cxx_thread_local
    Feature record: CXX_FEATURE:1cxx_trailing_return_types
    Feature record: CXX_FEATURE:1cxx_unicode_literals
    Feature record: CXX_FEATURE:1cxx_uniform_initialization
    Feature record: CXX_FEATURE:1cxx_unrestricted_unions
    Feature record: CXX_FEATURE:1cxx_user_literals
    Feature record: CXX_FEATURE:0cxx_variable_templates
    Feature record: CXX_FEATURE:1cxx_variadic_macros
    Feature record: CXX_FEATURE:1cxx_variadic_templates


Detecting CXX [-std=c++11] compiler features compiled with the following output:
Change Dir: /scratch/rg18646/DD4HEP/lcgeo/build/CMakeFiles/CMakeTmp

Run Build Command:"/usr/bin/gmake" "cmTC_1eb86/fast"
/usr/bin/gmake -f CMakeFiles/cmTC_1eb86.dir/build.make CMakeFiles/cmTC_1eb86.dir/build
gmake[1]: Entering directory `/scratch/rg18646/DD4HEP/lcgeo/build/CMakeFiles/CMakeTmp'
Building CXX object CMakeFiles/cmTC_1eb86.dir/feature_tests.cxx.o
/cvmfs/sft.cern.ch/lcg/contrib/gcc/4.9.3/x86_64-slc6/bin/g++     -std=c++11 -o CMakeFiles/cmTC_1eb86.dir/feature_tests.cxx.o -c /scratch/rg18646/DD4HEP/lcgeo/build/CMakeFiles/feature_tests.cxx
Linking CXX executable cmTC_1eb86
/cvmfs/ilc.desy.de/sw/x86_64_gcc49_sl6/CMake/3.6.3/bin/cmake -E cmake_link_script CMakeFiles/cmTC_1eb86.dir/link.txt --verbose=1
/cvmfs/sft.cern.ch/lcg/contrib/gcc/4.9.3/x86_64-slc6/bin/g++        CMakeFiles/cmTC_1eb86.dir/feature_tests.cxx.o  -o cmTC_1eb86 -rdynamic 
gmake[1]: Leaving directory `/scratch/rg18646/DD4HEP/lcgeo/build/CMakeFiles/CMakeTmp'


    Feature record: CXX_FEATURE:0cxx_aggregate_default_initializers
    Feature record: CXX_FEATURE:1cxx_alias_templates
    Feature record: CXX_FEATURE:1cxx_alignas
    Feature record: CXX_FEATURE:1cxx_alignof
    Feature record: CXX_FEATURE:1cxx_attributes
    Feature record: CXX_FEATURE:0cxx_attribute_deprecated
    Feature record: CXX_FEATURE:1cxx_auto_type
    Feature record: CXX_FEATURE:0cxx_binary_literals
    Feature record: CXX_FEATURE:1cxx_constexpr
    Feature record: CXX_FEATURE:0cxx_contextual_conversions
    Feature record: CXX_FEATURE:1cxx_decltype
    Feature record: CXX_FEATURE:0cxx_decltype_auto
    Feature record: CXX_FEATURE:1cxx_decltype_incomplete_return_types
    Feature record: CXX_FEATURE:1cxx_default_function_template_args
    Feature record: CXX_FEATURE:1cxx_defaulted_functions
    Feature record: CXX_FEATURE:1cxx_defaulted_move_initializers
    Feature record: CXX_FEATURE:1cxx_delegating_constructors
    Feature record: CXX_FEATURE:1cxx_deleted_functions
    Feature record: CXX_FEATURE:0cxx_digit_separators
    Feature record: CXX_FEATURE:1cxx_enum_forward_declarations
    Feature record: CXX_FEATURE:1cxx_explicit_conversions
    Feature record: CXX_FEATURE:1cxx_extended_friend_declarations
    Feature record: CXX_FEATURE:1cxx_extern_templates
    Feature record: CXX_FEATURE:1cxx_final
    Feature record: CXX_FEATURE:1cxx_func_identifier
    Feature record: CXX_FEATURE:1cxx_generalized_initializers
    Feature record: CXX_FEATURE:0cxx_generic_lambdas
    Feature record: CXX_FEATURE:1cxx_inheriting_constructors
    Feature record: CXX_FEATURE:1cxx_inline_namespaces
    Feature record: CXX_FEATURE:1cxx_lambdas
    Feature record: CXX_FEATURE:0cxx_lambda_init_captures
    Feature record: CXX_FEATURE:1cxx_local_type_template_args
    Feature record: CXX_FEATURE:1cxx_long_long_type
    Feature record: CXX_FEATURE:1cxx_noexcept
    Feature record: CXX_FEATURE:1cxx_nonstatic_member_init
    Feature record: CXX_FEATURE:1cxx_nullptr
    Feature record: CXX_FEATURE:1cxx_override
    Feature record: CXX_FEATURE:1cxx_range_for
    Feature record: CXX_FEATURE:1cxx_raw_string_literals
    Feature record: CXX_FEATURE:1cxx_reference_qualified_functions
    Feature record: CXX_FEATURE:0cxx_relaxed_constexpr
    Feature record: CXX_FEATURE:0cxx_return_type_deduction
    Feature record: CXX_FEATURE:1cxx_right_angle_brackets
    Feature record: CXX_FEATURE:1cxx_rvalue_references
    Feature record: CXX_FEATURE:1cxx_sizeof_member
    Feature record: CXX_FEATURE:1cxx_static_assert
    Feature record: CXX_FEATURE:1cxx_strong_enums
    Feature record: CXX_FEATURE:1cxx_template_template_parameters
    Feature record: CXX_FEATURE:1cxx_thread_local
    Feature record: CXX_FEATURE:1cxx_trailing_return_types
    Feature record: CXX_FEATURE:1cxx_unicode_literals
    Feature record: CXX_FEATURE:1cxx_uniform_initialization
    Feature record: CXX_FEATURE:1cxx_unrestricted_unions
    Feature record: CXX_FEATURE:1cxx_user_literals
    Feature record: CXX_FEATURE:0cxx_variable_templates
    Feature record: CXX_FEATURE:1cxx_variadic_macros
    Feature record: CXX_FEATURE:1cxx_variadic_templates


Detecting CXX [-std=c++98] compiler features compiled with the following output:
Change Dir: /scratch/rg18646/DD4HEP/lcgeo/build/CMakeFiles/CMakeTmp

Run Build Command:"/usr/bin/gmake" "cmTC_1f5d8/fast"
/usr/bin/gmake -f CMakeFiles/cmTC_1f5d8.dir/build.make CMakeFiles/cmTC_1f5d8.dir/build
gmake[1]: Entering directory `/scratch/rg18646/DD4HEP/lcgeo/build/CMakeFiles/CMakeTmp'
Building CXX object CMakeFiles/cmTC_1f5d8.dir/feature_tests.cxx.o
/cvmfs/sft.cern.ch/lcg/contrib/gcc/4.9.3/x86_64-slc6/bin/g++     -std=c++98 -o CMakeFiles/cmTC_1f5d8.dir/feature_tests.cxx.o -c /scratch/rg18646/DD4HEP/lcgeo/build/CMakeFiles/feature_tests.cxx
Linking CXX executable cmTC_1f5d8
/cvmfs/ilc.desy.de/sw/x86_64_gcc49_sl6/CMake/3.6.3/bin/cmake -E cmake_link_script CMakeFiles/cmTC_1f5d8.dir/link.txt --verbose=1
/cvmfs/sft.cern.ch/lcg/contrib/gcc/4.9.3/x86_64-slc6/bin/g++        CMakeFiles/cmTC_1f5d8.dir/feature_tests.cxx.o  -o cmTC_1f5d8 -rdynamic 
gmake[1]: Leaving directory `/scratch/rg18646/DD4HEP/lcgeo/build/CMakeFiles/CMakeTmp'


    Feature record: CXX_FEATURE:0cxx_aggregate_default_initializers
    Feature record: CXX_FEATURE:0cxx_alias_templates
    Feature record: CXX_FEATURE:0cxx_alignas
    Feature record: CXX_FEATURE:0cxx_alignof
    Feature record: CXX_FEATURE:0cxx_attributes
    Feature record: CXX_FEATURE:0cxx_attribute_deprecated
    Feature record: CXX_FEATURE:0cxx_auto_type
    Feature record: CXX_FEATURE:0cxx_binary_literals
    Feature record: CXX_FEATURE:0cxx_constexpr
    Feature record: CXX_FEATURE:0cxx_contextual_conversions
    Feature record: CXX_FEATURE:0cxx_decltype
    Feature record: CXX_FEATURE:0cxx_decltype_auto
    Feature record: CXX_FEATURE:0cxx_decltype_incomplete_return_types
    Feature record: CXX_FEATURE:0cxx_default_function_template_args
    Feature record: CXX_FEATURE:0cxx_defaulted_functions
    Feature record: CXX_FEATURE:0cxx_defaulted_move_initializers
    Feature record: CXX_FEATURE:0cxx_delegating_constructors
    Feature record: CXX_FEATURE:0cxx_deleted_functions
    Feature record: CXX_FEATURE:0cxx_digit_separators
    Feature record: CXX_FEATURE:0cxx_enum_forward_declarations
    Feature record: CXX_FEATURE:0cxx_explicit_conversions
    Feature record: CXX_FEATURE:0cxx_extended_friend_declarations
    Feature record: CXX_FEATURE:0cxx_extern_templates
    Feature record: CXX_FEATURE:0cxx_final
    Feature record: CXX_FEATURE:0cxx_func_identifier
    Feature record: CXX_FEATURE:0cxx_generalized_initializers
    Feature record: CXX_FEATURE:0cxx_generic_lambdas
    Feature record: CXX_FEATURE:0cxx_inheriting_constructors
    Feature record: CXX_FEATURE:0cxx_inline_namespaces
    Feature record: CXX_FEATURE:0cxx_lambdas
    Feature record: CXX_FEATURE:0cxx_lambda_init_captures
    Feature record: CXX_FEATURE:0cxx_local_type_template_args
    Feature record: CXX_FEATURE:0cxx_long_long_type
    Feature record: CXX_FEATURE:0cxx_noexcept
    Feature record: CXX_FEATURE:0cxx_nonstatic_member_init
    Feature record: CXX_FEATURE:0cxx_nullptr
    Feature record: CXX_FEATURE:0cxx_override
    Feature record: CXX_FEATURE:0cxx_range_for
    Feature record: CXX_FEATURE:0cxx_raw_string_literals
    Feature record: CXX_FEATURE:0cxx_reference_qualified_functions
    Feature record: CXX_FEATURE:0cxx_relaxed_constexpr
    Feature record: CXX_FEATURE:0cxx_return_type_deduction
    Feature record: CXX_FEATURE:0cxx_right_angle_brackets
    Feature record: CXX_FEATURE:0cxx_rvalue_references
    Feature record: CXX_FEATURE:0cxx_sizeof_member
    Feature record: CXX_FEATURE:0cxx_static_assert
    Feature record: CXX_FEATURE:0cxx_strong_enums
    Feature record: CXX_FEATURE:1cxx_template_template_parameters
    Feature record: CXX_FEATURE:0cxx_thread_local
    Feature record: CXX_FEATURE:0cxx_trailing_return_types
    Feature record: CXX_FEATURE:0cxx_unicode_literals
    Feature record: CXX_FEATURE:0cxx_uniform_initialization
    Feature record: CXX_FEATURE:0cxx_unrestricted_unions
    Feature record: CXX_FEATURE:0cxx_user_literals
    Feature record: CXX_FEATURE:0cxx_variable_templates
    Feature record: CXX_FEATURE:0cxx_variadic_macros
    Feature record: CXX_FEATURE:0cxx_variadic_templates
Performing C++ SOURCE FILE Test CXX_FLAG_WORKS__Wall succeeded with the following output:
Change Dir: /scratch/rg18646/DD4HEP/lcgeo/build/CMakeFiles/CMakeTmp

Run Build Command:"/usr/bin/gmake" "cmTC_f3642/fast"
/usr/bin/gmake -f CMakeFiles/cmTC_f3642.dir/build.make CMakeFiles/cmTC_f3642.dir/build
gmake[1]: Entering directory `/scratch/rg18646/DD4HEP/lcgeo/build/CMakeFiles/CMakeTmp'
Building CXX object CMakeFiles/cmTC_f3642.dir/src.cxx.o
/cvmfs/sft.cern.ch/lcg/contrib/gcc/4.9.3/x86_64-slc6/bin/g++     -DCXX_FLAG_WORKS__Wall   -Wall -o CMakeFiles/cmTC_f3642.dir/src.cxx.o -c /scratch/rg18646/DD4HEP/lcgeo/build/CMakeFiles/CMakeTmp/src.cxx
Linking CXX executable cmTC_f3642
/cvmfs/ilc.desy.de/sw/x86_64_gcc49_sl6/CMake/3.6.3/bin/cmake -E cmake_link_script CMakeFiles/cmTC_f3642.dir/link.txt --verbose=1
/cvmfs/sft.cern.ch/lcg/contrib/gcc/4.9.3/x86_64-slc6/bin/g++    -DCXX_FLAG_WORKS__Wall    CMakeFiles/cmTC_f3642.dir/src.cxx.o  -o cmTC_f3642 -rdynamic 
gmake[1]: Leaving directory `/scratch/rg18646/DD4HEP/lcgeo/build/CMakeFiles/CMakeTmp'

Source file was:
int main() { return 0; }
Performing C++ SOURCE FILE Test CXX_FLAG_WORKS__Wextra succeeded with the following output:
Change Dir: /scratch/rg18646/DD4HEP/lcgeo/build/CMakeFiles/CMakeTmp

Run Build Command:"/usr/bin/gmake" "cmTC_11de1/fast"
/usr/bin/gmake -f CMakeFiles/cmTC_11de1.dir/build.make CMakeFiles/cmTC_11de1.dir/build
gmake[1]: Entering directory `/scratch/rg18646/DD4HEP/lcgeo/build/CMakeFiles/CMakeTmp'
Building CXX object CMakeFiles/cmTC_11de1.dir/src.cxx.o
/cvmfs/sft.cern.ch/lcg/contrib/gcc/4.9.3/x86_64-slc6/bin/g++     -Wall   -DCXX_FLAG_WORKS__Wextra   -Wextra -o CMakeFiles/cmTC_11de1.dir/src.cxx.o -c /scratch/rg18646/DD4HEP/lcgeo/build/CMakeFiles/CMakeTmp/src.cxx
Linking CXX executable cmTC_11de1
/cvmfs/ilc.desy.de/sw/x86_64_gcc49_sl6/CMake/3.6.3/bin/cmake -E cmake_link_script CMakeFiles/cmTC_11de1.dir/link.txt --verbose=1
/cvmfs/sft.cern.ch/lcg/contrib/gcc/4.9.3/x86_64-slc6/bin/g++   -Wall   -DCXX_FLAG_WORKS__Wextra    CMakeFiles/cmTC_11de1.dir/src.cxx.o  -o cmTC_11de1 -rdynamic 
gmake[1]: Leaving directory `/scratch/rg18646/DD4HEP/lcgeo/build/CMakeFiles/CMakeTmp'

Source file was:
int main() { return 0; }
Performing C++ SOURCE FILE Test CXX_FLAG_WORKS__pedantic succeeded with the following output:
Change Dir: /scratch/rg18646/DD4HEP/lcgeo/build/CMakeFiles/CMakeTmp

Run Build Command:"/usr/bin/gmake" "cmTC_05c3d/fast"
/usr/bin/gmake -f CMakeFiles/cmTC_05c3d.dir/build.make CMakeFiles/cmTC_05c3d.dir/build
gmake[1]: Entering directory `/scratch/rg18646/DD4HEP/lcgeo/build/CMakeFiles/CMakeTmp'
Building CXX object CMakeFiles/cmTC_05c3d.dir/src.cxx.o
/cvmfs/sft.cern.ch/lcg/contrib/gcc/4.9.3/x86_64-slc6/bin/g++     -Wextra -Wall    -DCXX_FLAG_WORKS__pedantic   -pedantic -o CMakeFiles/cmTC_05c3d.dir/src.cxx.o -c /scratch/rg18646/DD4HEP/lcgeo/build/CMakeFiles/CMakeTmp/src.cxx
Linking CXX executable cmTC_05c3d
/cvmfs/ilc.desy.de/sw/x86_64_gcc49_sl6/CMake/3.6.3/bin/cmake -E cmake_link_script CMakeFiles/cmTC_05c3d.dir/link.txt --verbose=1
/cvmfs/sft.cern.ch/lcg/contrib/gcc/4.9.3/x86_64-slc6/bin/g++   -Wextra -Wall    -DCXX_FLAG_WORKS__pedantic    CMakeFiles/cmTC_05c3d.dir/src.cxx.o  -o cmTC_05c3d -rdynamic 
gmake[1]: Leaving directory `/scratch/rg18646/DD4HEP/lcgeo/build/CMakeFiles/CMakeTmp'

Source file was:
int main() { return 0; }
Performing C++ SOURCE FILE Test CXX_FLAG_WORKS__Wshadow succeeded with the following output:
Change Dir: /scratch/rg18646/DD4HEP/lcgeo/build/CMakeFiles/CMakeTmp

Run Build Command:"/usr/bin/gmake" "cmTC_8ea3b/fast"
/usr/bin/gmake -f CMakeFiles/cmTC_8ea3b.dir/build.make CMakeFiles/cmTC_8ea3b.dir/build
gmake[1]: Entering directory `/scratch/rg18646/DD4HEP/lcgeo/build/CMakeFiles/CMakeTmp'
Building CXX object CMakeFiles/cmTC_8ea3b.dir/src.cxx.o
/cvmfs/sft.cern.ch/lcg/contrib/gcc/4.9.3/x86_64-slc6/bin/g++     -pedantic -Wextra -Wall     -DCXX_FLAG_WORKS__Wshadow   -Wshadow -o CMakeFiles/cmTC_8ea3b.dir/src.cxx.o -c /scratch/rg18646/DD4HEP/lcgeo/build/CMakeFiles/CMakeTmp/src.cxx
Linking CXX executable cmTC_8ea3b
/cvmfs/ilc.desy.de/sw/x86_64_gcc49_sl6/CMake/3.6.3/bin/cmake -E cmake_link_script CMakeFiles/cmTC_8ea3b.dir/link.txt --verbose=1
/cvmfs/sft.cern.ch/lcg/contrib/gcc/4.9.3/x86_64-slc6/bin/g++   -pedantic -Wextra -Wall     -DCXX_FLAG_WORKS__Wshadow    CMakeFiles/cmTC_8ea3b.dir/src.cxx.o  -o cmTC_8ea3b -rdynamic 
gmake[1]: Leaving directory `/scratch/rg18646/DD4HEP/lcgeo/build/CMakeFiles/CMakeTmp'

Source file was:
int main() { return 0; }
Performing C++ SOURCE FILE Test CXX_FLAG_WORKS__Wformat_security succeeded with the following output:
Change Dir: /scratch/rg18646/DD4HEP/lcgeo/build/CMakeFiles/CMakeTmp

Run Build Command:"/usr/bin/gmake" "cmTC_8d491/fast"
/usr/bin/gmake -f CMakeFiles/cmTC_8d491.dir/build.make CMakeFiles/cmTC_8d491.dir/build
gmake[1]: Entering directory `/scratch/rg18646/DD4HEP/lcgeo/build/CMakeFiles/CMakeTmp'
Building CXX object CMakeFiles/cmTC_8d491.dir/src.cxx.o
/cvmfs/sft.cern.ch/lcg/contrib/gcc/4.9.3/x86_64-slc6/bin/g++     -Wshadow -pedantic -Wextra -Wall      -DCXX_FLAG_WORKS__Wformat_security   -Wformat-security -o CMakeFiles/cmTC_8d491.dir/src.cxx.o -c /scratch/rg18646/DD4HEP/lcgeo/build/CMakeFiles/CMakeTmp/src.cxx
Linking CXX executable cmTC_8d491
/cvmfs/ilc.desy.de/sw/x86_64_gcc49_sl6/CMake/3.6.3/bin/cmake -E cmake_link_script CMakeFiles/cmTC_8d491.dir/link.txt --verbose=1
/cvmfs/sft.cern.ch/lcg/contrib/gcc/4.9.3/x86_64-slc6/bin/g++   -Wshadow -pedantic -Wextra -Wall      -DCXX_FLAG_WORKS__Wformat_security    CMakeFiles/cmTC_8d491.dir/src.cxx.o  -o cmTC_8d491 -rdynamic 
gmake[1]: Leaving directory `/scratch/rg18646/DD4HEP/lcgeo/build/CMakeFiles/CMakeTmp'

Source file was:
int main() { return 0; }
Performing C++ SOURCE FILE Test CXX_FLAG_WORKS__Wno_long_long succeeded with the following output:
Change Dir: /scratch/rg18646/DD4HEP/lcgeo/build/CMakeFiles/CMakeTmp

Run Build Command:"/usr/bin/gmake" "cmTC_f9e72/fast"
/usr/bin/gmake -f CMakeFiles/cmTC_f9e72.dir/build.make CMakeFiles/cmTC_f9e72.dir/build
gmake[1]: Entering directory `/scratch/rg18646/DD4HEP/lcgeo/build/CMakeFiles/CMakeTmp'
Building CXX object CMakeFiles/cmTC_f9e72.dir/src.cxx.o
/cvmfs/sft.cern.ch/lcg/contrib/gcc/4.9.3/x86_64-slc6/bin/g++     -Wformat-security -Wshadow -pedantic -Wextra -Wall       -DCXX_FLAG_WORKS__Wno_long_long   -Wno-long-long -o CMakeFiles/cmTC_f9e72.dir/src.cxx.o -c /scratch/rg18646/DD4HEP/lcgeo/build/CMakeFiles/CMakeTmp/src.cxx
Linking CXX executable cmTC_f9e72
/cvmfs/ilc.desy.de/sw/x86_64_gcc49_sl6/CMake/3.6.3/bin/cmake -E cmake_link_script CMakeFiles/cmTC_f9e72.dir/link.txt --verbose=1
/cvmfs/sft.cern.ch/lcg/contrib/gcc/4.9.3/x86_64-slc6/bin/g++   -Wformat-security -Wshadow -pedantic -Wextra -Wall       -DCXX_FLAG_WORKS__Wno_long_long    CMakeFiles/cmTC_f9e72.dir/src.cxx.o  -o cmTC_f9e72 -rdynamic 
gmake[1]: Leaving directory `/scratch/rg18646/DD4HEP/lcgeo/build/CMakeFiles/CMakeTmp'

Source file was:
int main() { return 0; }
Performing C++ SOURCE FILE Test CXX_FLAG_WORKS__Wdeprecated succeeded with the following output:
Change Dir: /scratch/rg18646/DD4HEP/lcgeo/build/CMakeFiles/CMakeTmp

Run Build Command:"/usr/bin/gmake" "cmTC_9378b/fast"
/usr/bin/gmake -f CMakeFiles/cmTC_9378b.dir/build.make CMakeFiles/cmTC_9378b.dir/build
gmake[1]: Entering directory `/scratch/rg18646/DD4HEP/lcgeo/build/CMakeFiles/CMakeTmp'
Building CXX object CMakeFiles/cmTC_9378b.dir/src.cxx.o
/cvmfs/sft.cern.ch/lcg/contrib/gcc/4.9.3/x86_64-slc6/bin/g++     -Wno-long-long -Wformat-security -Wshadow -pedantic -Wextra -Wall        -DCXX_FLAG_WORKS__Wdeprecated   -Wdeprecated -o CMakeFiles/cmTC_9378b.dir/src.cxx.o -c /scratch/rg18646/DD4HEP/lcgeo/build/CMakeFiles/CMakeTmp/src.cxx
Linking CXX executable cmTC_9378b
/cvmfs/ilc.desy.de/sw/x86_64_gcc49_sl6/CMake/3.6.3/bin/cmake -E cmake_link_script CMakeFiles/cmTC_9378b.dir/link.txt --verbose=1
/cvmfs/sft.cern.ch/lcg/contrib/gcc/4.9.3/x86_64-slc6/bin/g++   -Wno-long-long -Wformat-security -Wshadow -pedantic -Wextra -Wall        -DCXX_FLAG_WORKS__Wdeprecated    CMakeFiles/cmTC_9378b.dir/src.cxx.o  -o cmTC_9378b -rdynamic 
gmake[1]: Leaving directory `/scratch/rg18646/DD4HEP/lcgeo/build/CMakeFiles/CMakeTmp'

Source file was:
int main() { return 0; }
Performing C++ SOURCE FILE Test CXX_FLAG_WORKS__fdiagnostics_color=auto succeeded with the following output:
Change Dir: /scratch/rg18646/DD4HEP/lcgeo/build/CMakeFiles/CMakeTmp

Run Build Command:"/usr/bin/gmake" "cmTC_44a46/fast"
/usr/bin/gmake -f CMakeFiles/cmTC_44a46.dir/build.make CMakeFiles/cmTC_44a46.dir/build
gmake[1]: Entering directory `/scratch/rg18646/DD4HEP/lcgeo/build/CMakeFiles/CMakeTmp'
Building CXX object CMakeFiles/cmTC_44a46.dir/src.cxx.o
/cvmfs/sft.cern.ch/lcg/contrib/gcc/4.9.3/x86_64-slc6/bin/g++     -Wdeprecated -Wno-long-long -Wformat-security -Wshadow -pedantic -Wextra -Wall         -DCXX_FLAG_WORKS__fdiagnostics_color=auto   -fdiagnostics-color=auto -o CMakeFiles/cmTC_44a46.dir/src.cxx.o -c /scratch/rg18646/DD4HEP/lcgeo/build/CMakeFiles/CMakeTmp/src.cxx
Linking CXX executable cmTC_44a46
/cvmfs/ilc.desy.de/sw/x86_64_gcc49_sl6/CMake/3.6.3/bin/cmake -E cmake_link_script CMakeFiles/cmTC_44a46.dir/link.txt --verbose=1
/cvmfs/sft.cern.ch/lcg/contrib/gcc/4.9.3/x86_64-slc6/bin/g++   -Wdeprecated -Wno-long-long -Wformat-security -Wshadow -pedantic -Wextra -Wall         -DCXX_FLAG_WORKS__fdiagnostics_color=auto    CMakeFiles/cmTC_44a46.dir/src.cxx.o  -o cmTC_44a46 -rdynamic 
gmake[1]: Leaving directory `/scratch/rg18646/DD4HEP/lcgeo/build/CMakeFiles/CMakeTmp'

Source file was:
int main() { return 0; }
Performing C++ SOURCE FILE Test CXX_FLAG_WORKS_FTLS_global_dynamic succeeded with the following output:
Change Dir: /scratch/rg18646/DD4HEP/lcgeo/build/CMakeFiles/CMakeTmp

Run Build Command:"/usr/bin/gmake" "cmTC_28793/fast"
/usr/bin/gmake -f CMakeFiles/cmTC_28793.dir/build.make CMakeFiles/cmTC_28793.dir/build
gmake[1]: Entering directory `/scratch/rg18646/DD4HEP/lcgeo/build/CMakeFiles/CMakeTmp'
Building CXX object CMakeFiles/cmTC_28793.dir/src.cxx.o
/cvmfs/sft.cern.ch/lcg/contrib/gcc/4.9.3/x86_64-slc6/bin/g++     -fdiagnostics-color=auto -Wdeprecated -Wno-long-long -Wformat-security -Wshadow -pedantic -Wextra -Wall          -DCXX_FLAG_WORKS_FTLS_global_dynamic   -ftls-model=global-dynamic -o CMakeFiles/cmTC_28793.dir/src.cxx.o -c /scratch/rg18646/DD4HEP/lcgeo/build/CMakeFiles/CMakeTmp/src.cxx
Linking CXX executable cmTC_28793
/cvmfs/ilc.desy.de/sw/x86_64_gcc49_sl6/CMake/3.6.3/bin/cmake -E cmake_link_script CMakeFiles/cmTC_28793.dir/link.txt --verbose=1
/cvmfs/sft.cern.ch/lcg/contrib/gcc/4.9.3/x86_64-slc6/bin/g++   -fdiagnostics-color=auto -Wdeprecated -Wno-long-long -Wformat-security -Wshadow -pedantic -Wextra -Wall          -DCXX_FLAG_WORKS_FTLS_global_dynamic    CMakeFiles/cmTC_28793.dir/src.cxx.o  -o cmTC_28793 -rdynamic 
gmake[1]: Leaving directory `/scratch/rg18646/DD4HEP/lcgeo/build/CMakeFiles/CMakeTmp'

Source file was:
int main() { return 0; }
Determining if the include file pthread.h exists passed with the following output:
Change Dir: /scratch/rg18646/DD4HEP/lcgeo/build/CMakeFiles/CMakeTmp

Run Build Command:"/usr/bin/gmake" "cmTC_e9fea/fast"
/usr/bin/gmake -f CMakeFiles/cmTC_e9fea.dir/build.make CMakeFiles/cmTC_e9fea.dir/build
gmake[1]: Entering directory `/scratch/rg18646/DD4HEP/lcgeo/build/CMakeFiles/CMakeTmp'
Building C object CMakeFiles/cmTC_e9fea.dir/CheckIncludeFile.c.o
/cvmfs/sft.cern.ch/lcg/contrib/gcc/4.9.3/x86_64-slc6/bin/gcc     -o CMakeFiles/cmTC_e9fea.dir/CheckIncludeFile.c.o   -c /scratch/rg18646/DD4HEP/lcgeo/build/CMakeFiles/CMakeTmp/CheckIncludeFile.c
Linking C executable cmTC_e9fea
/cvmfs/ilc.desy.de/sw/x86_64_gcc49_sl6/CMake/3.6.3/bin/cmake -E cmake_link_script CMakeFiles/cmTC_e9fea.dir/link.txt --verbose=1
/cvmfs/sft.cern.ch/lcg/contrib/gcc/4.9.3/x86_64-slc6/bin/gcc       CMakeFiles/cmTC_e9fea.dir/CheckIncludeFile.c.o  -o cmTC_e9fea -rdynamic 
gmake[1]: Leaving directory `/scratch/rg18646/DD4HEP/lcgeo/build/CMakeFiles/CMakeTmp'


Determining if the function pthread_create exists in the pthread passed with the following output:
Change Dir: /scratch/rg18646/DD4HEP/lcgeo/build/CMakeFiles/CMakeTmp

Run Build Command:"/usr/bin/gmake" "cmTC_18387/fast"
/usr/bin/gmake -f CMakeFiles/cmTC_18387.dir/build.make CMakeFiles/cmTC_18387.dir/build
gmake[1]: Entering directory `/scratch/rg18646/DD4HEP/lcgeo/build/CMakeFiles/CMakeTmp'
Building C object CMakeFiles/cmTC_18387.dir/CheckFunctionExists.c.o
/cvmfs/sft.cern.ch/lcg/contrib/gcc/4.9.3/x86_64-slc6/bin/gcc    -DCHECK_FUNCTION_EXISTS=pthread_create   -o CMakeFiles/cmTC_18387.dir/CheckFunctionExists.c.o   -c /cvmfs/ilc.desy.de/sw/x86_64_gcc49_sl6/CMake/3.6.3/share/cmake-3.6/Modules/CheckFunctionExists.c
Linking C executable cmTC_18387
/cvmfs/ilc.desy.de/sw/x86_64_gcc49_sl6/CMake/3.6.3/bin/cmake -E cmake_link_script CMakeFiles/cmTC_18387.dir/link.txt --verbose=1
/cvmfs/sft.cern.ch/lcg/contrib/gcc/4.9.3/x86_64-slc6/bin/gcc   -DCHECK_FUNCTION_EXISTS=pthread_create    CMakeFiles/cmTC_18387.dir/CheckFunctionExists.c.o  -o cmTC_18387 -rdynamic -lpthread 
gmake[1]: Leaving directory `/scratch/rg18646/DD4HEP/lcgeo/build/CMakeFiles/CMakeTmp'


Performing C++ SOURCE FILE Test CXX_FLAG_WORKS__fdiagnostics_color=auto succeeded with the following output:
Change Dir: /scratch/rg18646/DD4HEP/lcgeo/build/CMakeFiles/CMakeTmp

Run Build Command:"/usr/bin/gmake" "cmTC_a171d/fast"
/usr/bin/gmake -f CMakeFiles/cmTC_a171d.dir/build.make CMakeFiles/cmTC_a171d.dir/build
gmake[1]: Entering directory `/scratch/rg18646/DD4HEP/lcgeo/build/CMakeFiles/CMakeTmp'
Building CXX object CMakeFiles/cmTC_a171d.dir/src.cxx.o
/cvmfs/sft.cern.ch/lcg/contrib/gcc/4.9.3/x86_64-slc6/bin/g++     -Wdeprecated -Wno-long-long -Wformat-security -Wshadow -pedantic -Wextra -Wall         -DCXX_FLAG_WORKS__fdiagnostics_color=auto   -fdiagnostics-color=auto -o CMakeFiles/cmTC_a171d.dir/src.cxx.o -c /scratch/rg18646/DD4HEP/lcgeo/build/CMakeFiles/CMakeTmp/src.cxx
Linking CXX executable cmTC_a171d
/cvmfs/ilc.desy.de/sw/x86_64_gcc49_sl6/CMake/3.6.3/bin/cmake -E cmake_link_script CMakeFiles/cmTC_a171d.dir/link.txt --verbose=1
/cvmfs/sft.cern.ch/lcg/contrib/gcc/4.9.3/x86_64-slc6/bin/g++   -Wdeprecated -Wno-long-long -Wformat-security -Wshadow -pedantic -Wextra -Wall         -DCXX_FLAG_WORKS__fdiagnostics_color=auto    CMakeFiles/cmTC_a171d.dir/src.cxx.o  -o cmTC_a171d -rdynamic 
gmake[1]: Leaving directory `/scratch/rg18646/DD4HEP/lcgeo/build/CMakeFiles/CMakeTmp'

Source file was:
int main() { return 0; }
